::1 a fait une requête GET sur / à 2020-12-15T14:10:20.578Z
::1 a fait une requête GET sur /public/public.css à 2020-12-15T14:10:20.667Z
::1 a fait une requête GET sur /favicon.ico à 2020-12-15T14:10:20.772Z
::1 a fait une requête GET sur /films à 2020-12-15T14:10:22.266Z
::1 a fait une requête GET sur /public/public.css à 2020-12-15T14:10:22.560Z
::1 a fait une requête GET sur /favicon.ico à 2020-12-15T14:10:22.927Z
::1 a fait une requête GET sur /theaters à 2020-12-15T14:10:24.004Z
::1 a fait une requête GET sur /public/public.css à 2020-12-15T14:10:24.220Z
::1 a fait une requête GET sur /favicon.ico à 2020-12-15T14:10:24.303Z
::1 a fait une requête GET sur /films à 2020-12-15T15:04:26.656Z
::1 a fait une requête GET sur /films à 2020-12-15T15:05:05.156Z
::1 a fait une requête GET sur /?password=123 à 2020-12-15T15:09:59.808Z
::1 a fait une requête GET sur /public/public.css à 2020-12-15T15:09:59.931Z
::1 a fait une requête GET sur /favicon.ico à 2020-12-15T15:10:00.436Z
::1 a fait une requête GET sur /?password=123 à 2020-12-15T15:10:02.385Z
::1 a fait une requête GET sur /public/public.css à 2020-12-15T15:10:02.451Z
::1 a fait une requête GET sur /favicon.ico à 2020-12-15T15:10:02.492Z
::1 a fait une requête GET sur /?password=123 à 2020-12-15T15:10:04.264Z
::1 a fait une requête GET sur /public/public.css à 2020-12-15T15:10:04.600Z
::1 a fait une requête GET sur /favicon.ico à 2020-12-15T15:10:04.855Z
::1 a fait une requête GET sur /?password=123 à 2020-12-15T15:10:18.042Z
::1 a fait une requête GET sur /public/public.css à 2020-12-15T15:10:18.070Z
::1 a fait une requête GET sur /films à 2020-12-15T15:10:27.953Z
::1 a fait une requête GET sur /films à 2020-12-15T15:11:07.655Z
::1 a fait une requête GET sur /films à 2020-12-15T15:11:07.669Z
::1 a fait une requête GET sur /films à 2020-12-15T15:11:13.205Z
::1 a fait une requête GET sur /films à 2020-12-15T15:11:14.214Z
::1 a fait une requête GET sur /films à 2020-12-15T15:11:14.387Z
::1 a fait une requête GET sur /films à 2020-12-15T15:11:14.538Z
::1 a fait une requête GET sur /films à 2020-12-15T15:11:14.684Z
::1 a fait une requête GET sur /films à 2020-12-15T15:11:15.782Z
::1 a fait une requête GET sur /films à 2020-12-15T15:11:16.483Z
::1 a fait une requête GET sur /films à 2020-12-15T15:11:16.629Z
::1 a fait une requête GET sur /films à 2020-12-15T15:11:16.789Z
::1 a fait une requête GET sur /films à 2020-12-15T15:11:16.887Z
::1 a fait une requête GET sur /films à 2020-12-15T15:11:17.056Z
::1 a fait une requête GET sur /films à 2020-12-15T15:11:17.227Z
::1 a fait une requête GET sur /films à 2020-12-15T15:11:17.383Z
::1 a fait une requête GET sur /films à 2020-12-15T15:11:17.517Z
::1 a fait une requête GET sur /films à 2020-12-15T15:11:17.660Z
::1 a fait une requête GET sur / à 2020-12-15T15:11:20.601Z
::1 a fait une requête GET sur /public/public.css à 2020-12-15T15:11:20.658Z
::1 a fait une requête GET sur /theaters à 2020-12-15T15:11:22.963Z
::1 a fait une requête GET sur /public/public.css à 2020-12-15T15:11:23.072Z
::1 a fait une requête GET sur / à 2020-12-15T15:11:23.711Z
::1 a fait une requête GET sur /public/public.css à 2020-12-15T15:11:23.736Z
::1 a fait une requête GET sur /films à 2020-12-15T15:11:24.511Z
